This file contains any messages produced by compilers while
running configure, to aid debugging if configure makes a mistake.

It was created by Charliecloud configure 0.33, which was
generated by GNU Autoconf 2.69.  Invocation command line was

  $ ./configure 

## --------- ##
## Platform. ##
## --------- ##

hostname = localhost.localdomain
uname -m = x86_64
uname -r = 5.16.2-lp154.9-default
uname -s = Linux
uname -v = #1 SMP PREEMPT Wed Jan 26 13:14:38 UTC 2022 (32e5616)

/usr/bin/uname -p = x86_64
/bin/uname -X     = unknown

/bin/arch              = x86_64
/usr/bin/arch -k       = unknown
/usr/convex/getsysinfo = unknown
/usr/bin/hostinfo      = unknown
/bin/machine           = unknown
/usr/bin/oslevel       = unknown
/bin/universe          = unknown

PATH: /home/craig/LANL/Post_July_2021/Sim/basefiles_paper/simulator/python_env/bin
PATH: /home/craig/.cargo/bin
PATH: /home/craig/.local/bin
PATH: /home/craig/.local/kitty.app/bin/
PATH: /Applications/p4v-2019.2.1904275/bin/
PATH: /home/craig/bin
PATH: /usr/local/bin
PATH: /usr/bin
PATH: /bin
PATH: /usr/bin/X11
PATH: /usr/games
PATH: /usr/lib/mit/bin
PATH: /usr/lib/mit/sbin
PATH: /snap/bin
PATH: /home/craig/bin/julius-3.5.2-multipath-linuxbin/bin/
PATH: /home/craig/bin/htk/bin/
PATH: /home/craig/bin/htk/HTKLib/
PATH: /home/craig/bin/julius-3.5.2-multipath-linuxbin/bin/
PATH: /home/craig/bin/htk/bin/
PATH: /home/craig/bin/htk/HTKLib/
PATH: /home/craig/Applications/node-v8.9.4-linux-x64/bin
PATH: /home/craig/Android/Sdk/platform-tools/
PATH: /home/craig/Downloads/ffmpeg-5.1.1-amd64-static/
PATH: /opt/openoffice4/program/


## ----------- ##
## Core tests. ##
## ----------- ##

configure:2022: loading site script /usr/share/site/x86_64-unknown-linux-gnu
| #!/bin/sh
| # Site script for configure. It is resourced via $CONFIG_SITE environment varaible.
| 
| # If user did not specify libdir, guess the correct target:
| # Use lib64 for 64 bit bi-arch targets, keep the default for the rest.
| if test "$libdir" = '${exec_prefix}/lib' ; then
| 
| 	ac_config_site_64bit_host=NONE
| 
| 	case "$host" in
| 	"" )
| 		# User did not specify host target.
| 		# The native platform x86_64 is a bi-arch platform.
| 		# Try to detect cross-compilation to inferior architecture.
| 
| 		# We are trying to guess 32-bit target compilation. It's not as easy as
| 		# it sounds, as there is possible several intermediate combinations.
| 		ac_config_site_cross_to_32bit_host=NONE
| 
| 		# User defined -m32 in CFLAGS or CXXFLAGS or CC or CXX:
| 		# (It's sufficient for 32-bit, but alone may cause mis-behavior of some checks.)
| 		case "$CFLAGS $CXXFLAGS $CC $CXX" in
| 		*-m32*)
| 			ac_config_site_cross_to_32bit_host=YES
| 			;;
| 		esac
| 
| 		# Running with linux32:
| 		# (Changes detected platform, but not the toolchain target.)
| 		case "`/bin/uname -i`" in
| 		x86_64 | ppc64 | s390x | aarch64 )
| 			;;
| 		* )
| 			ac_config_site_cross_to_32bit_host=YES
| 			;;
| 		esac
| 
| 		if test "x$ac_config_site_cross_to_32bit_host" = xNONE; then
| 			ac_config_site_64bit_host=YES
| 		fi
| 
| 		;;
| 	*x86_64* | *ppc64* | *s390x* | *aarch64* )
| 		ac_config_site_64bit_host=YES
| 		;;
| 	esac
| 
| 	if test "x$ac_config_site_64bit_host" = xYES; then
| 		libdir='${exec_prefix}/lib64'
| 	fi
| fi
| 
| # If user did not specify libexecdir, set the correct target:
| # Nor FHS nor openSUSE allow prefix/libexec. Let's default to prefix/lib.
| 
| if test "$libexecdir" = '${exec_prefix}/libexec' ; then
| 	libexecdir='${exec_prefix}/lib'
| fi
| 
| # Continue with the standard behavior of configure defined in AC_SITE_LOAD:
| if test "x$prefix" != xNONE; then
| 	ac_site_file1=$prefix/share/config.site
| 	ac_site_file2=$prefix/etc/config.site
| else
| 	ac_site_file1=$ac_default_prefix/share/config.site
| 	ac_site_file2=$ac_default_prefix/etc/config.site
| fi
| for ac_site_file in "$ac_site_file1" "$ac_site_file2"
| do
| 	test "x$ac_site_file" = xNONE && continue
| 	if test /dev/null != "$ac_site_file" && test -r "$ac_site_file"; then
| 		{ $as_echo "/usr/share/site/x86_64-unknown-linux-gnu:${as_lineno-$LINENO}: loading site script $ac_site_file" >&5
| $as_echo "/usr/share/site/x86_64-unknown-linux-gnu: loading site script $ac_site_file" >&6;}
| 		sed 's/^/| /' "$ac_site_file" >&5
| 		. "$ac_site_file" \
| 			|| { { $as_echo "/usr/share/site/x86_64-unknown-linux-gnu:${as_lineno-$LINENO}: error: in \`$ac_pwd':" >&5
| $as_echo "/usr/share/site/x86_64-unknown-linux-gnu: error: in \`$ac_pwd':" >&2;}
| as_fn_error $? "failed to load site script $ac_site_file
| See \`config.log' for more details" "$LINENO" 5; }
| 	fi
| done
configure:2155: checking build system type
configure:2169: result: x86_64-pc-linux-gnu
configure:2189: checking host system type
configure:2202: result: x86_64-pc-linux-gnu
configure:2222: checking target system type
configure:2235: result: x86_64-pc-linux-gnu
configure:2285: checking whether to enable maintainer-specific portions of Makefiles
configure:2294: result: no
configure:2344: checking for a BSD-compatible install
configure:2412: result: /usr/bin/install -c
configure:2423: checking whether build environment is sane
configure:2478: result: yes
configure:2624: checking for a thread-safe mkdir -p
configure:2663: result: install -d -m 0755
configure:2670: checking for gawk
configure:2686: found /usr/bin/gawk
configure:2697: result: gawk
configure:2708: checking whether make sets $(MAKE)
configure:2730: result: yes
configure:2759: checking whether make supports nested variables
configure:2776: result: yes
configure:3140: checking for gcc
configure:3156: found /usr/bin/gcc
configure:3167: result: gcc
configure:3396: checking for C compiler version
configure:3405: gcc --version >&5
gcc (SUSE Linux) 7.5.0
Copyright (C) 2017 Free Software Foundation, Inc.
This is free software; see the source for copying conditions.  There is NO
warranty; not even for MERCHANTABILITY or FITNESS FOR A PARTICULAR PURPOSE.

configure:3416: $? = 0
configure:3405: gcc -v >&5
Using built-in specs.
COLLECT_GCC=gcc
COLLECT_LTO_WRAPPER=/usr/lib64/gcc/x86_64-suse-linux/7/lto-wrapper
OFFLOAD_TARGET_NAMES=hsa:nvptx-none
Target: x86_64-suse-linux
Configured with: ../configure --prefix=/usr --infodir=/usr/share/info --mandir=/usr/share/man --libdir=/usr/lib64 --libexecdir=/usr/lib64 --enable-languages=c,c++,objc,fortran,obj-c++,ada,go --enable-offload-targets=hsa,nvptx-none, --without-cuda-driver --enable-checking=release --disable-werror --with-gxx-include-dir=/usr/include/c++/7 --enable-ssp --disable-libssp --disable-libvtv --disable-libcc1 --disable-plugin --with-bugurl=https://bugs.opensuse.org/ --with-pkgversion='SUSE Linux' --with-slibdir=/lib64 --with-system-zlib --enable-libstdcxx-allocator=new --disable-libstdcxx-pch --enable-version-specific-runtime-libs --with-gcc-major-version-only --enable-linker-build-id --enable-linux-futex --enable-gnu-indirect-function --program-suffix=-7 --without-system-libunwind --enable-multilib --with-arch-32=x86-64 --with-tune=generic --build=x86_64-suse-linux --host=x86_64-suse-linux
Thread model: posix
gcc version 7.5.0 (SUSE Linux) 
configure:3416: $? = 0
configure:3405: gcc -V >&5
gcc: error: unrecognized command line option '-V'
gcc: fatal error: no input files
compilation terminated.
configure:3416: $? = 1
configure:3405: gcc -qversion >&5
gcc: error: unrecognized command line option '-qversion'; did you mean '--version'?
gcc: fatal error: no input files
compilation terminated.
configure:3416: $? = 1
configure:3436: checking whether the C compiler works
configure:3458: gcc    conftest.c  >&5
configure:3462: $? = 0
configure:3510: result: yes
configure:3513: checking for C compiler default output file name
configure:3515: result: a.out
configure:3521: checking for suffix of executables
configure:3528: gcc -o conftest    conftest.c  >&5
configure:3532: $? = 0
configure:3554: result: 
configure:3576: checking whether we are cross compiling
configure:3584: gcc -o conftest    conftest.c  >&5
configure:3588: $? = 0
configure:3595: ./conftest
configure:3599: $? = 0
configure:3614: result: no
configure:3619: checking for suffix of object files
configure:3641: gcc -c   conftest.c >&5
configure:3645: $? = 0
configure:3666: result: o
configure:3670: checking whether we are using the GNU C compiler
configure:3689: gcc -c   conftest.c >&5
configure:3689: $? = 0
configure:3698: result: yes
configure:3707: checking whether gcc accepts -g
configure:3727: gcc -c -g  conftest.c >&5
configure:3727: $? = 0
configure:3768: result: yes
configure:3785: checking for gcc option to accept ISO C89
configure:3848: gcc  -c -g -O2  conftest.c >&5
configure:3848: $? = 0
configure:3861: result: none needed
configure:3886: checking whether gcc understands -c and -o together
configure:3908: gcc -c conftest.c -o conftest2.o
configure:3911: $? = 0
configure:3908: gcc -c conftest.c -o conftest2.o
configure:3911: $? = 0
configure:3923: result: yes
configure:3943: checking whether make supports the include directive
configure:3958: make -f confmf.GNU && cat confinc.out
this is the am__doit target
configure:3961: $? = 0
configure:3980: result: yes (GNU style)
configure:4005: checking dependency style of gcc
configure:4116: result: gcc3
configure:4146: checking whether C compiler accepts -std=c99 -Wall -Werror
configure:4165: gcc -c -g -O2  -std=c99 -Wall -Werror  conftest.c >&5
configure:4165: $? = 0
configure:4174: result: yes
configure:4205: checking for asprintf in libc
configure:4223: gcc -c -g -O2 -std=c99 -Wall -Werror  conftest.c >&5
configure:4223: $? = 0
configure:4224: result: yes
configure:4234: checking for argp_parse in libc
configure:4248: gcc -o conftest -g -O2 -std=c99 -Wall -Werror   conftest.c  >&5
configure:4248: $? = 0
configure:4249: result: yes
configure:4302: checking for a sed that does not truncate output
configure:4366: result: /usr/bin/sed
configure:4376: checking how to run the C preprocessor
configure:4407: gcc -E  conftest.c
configure:4407: $? = 0
configure:4421: gcc -E  conftest.c
conftest.c:11:10: fatal error: ac_nonexistent.h: No such file or directory
 #include <ac_nonexistent.h>
          ^~~~~~~~~~~~~~~~~~
compilation terminated.
configure:4421: $? = 1
configure: failed program was:
| /* confdefs.h */
| #define PACKAGE_NAME "Charliecloud"
| #define PACKAGE_TARNAME "charliecloud"
| #define PACKAGE_VERSION "0.33"
| #define PACKAGE_STRING "Charliecloud 0.33"
| #define PACKAGE_BUGREPORT "https://github.com/hpc/charliecloud"
| #define PACKAGE_URL ""
| #define PACKAGE "charliecloud"
| #define VERSION "0.33"
| /* end confdefs.h.  */
| #include <ac_nonexistent.h>
configure:4446: result: gcc -E
configure:4466: gcc -E  conftest.c
configure:4466: $? = 0
configure:4480: gcc -E  conftest.c
conftest.c:11:10: fatal error: ac_nonexistent.h: No such file or directory
 #include <ac_nonexistent.h>
          ^~~~~~~~~~~~~~~~~~
compilation terminated.
configure:4480: $? = 1
configure: failed program was:
| /* confdefs.h */
| #define PACKAGE_NAME "Charliecloud"
| #define PACKAGE_TARNAME "charliecloud"
| #define PACKAGE_VERSION "0.33"
| #define PACKAGE_STRING "Charliecloud 0.33"
| #define PACKAGE_BUGREPORT "https://github.com/hpc/charliecloud"
| #define PACKAGE_URL ""
| #define PACKAGE "charliecloud"
| #define VERSION "0.33"
| /* end confdefs.h.  */
| #include <ac_nonexistent.h>
configure:4509: checking for grep that handles long lines and -e
configure:4567: result: /usr/bin/grep
configure:4572: checking for egrep
configure:4634: result: /usr/bin/grep -E
configure:4798: checking whether gcc is Clang
configure:4823: result: no
configure:4885: checking whether pthreads work with "-pthread" and "-lpthread"
configure:4990: gcc -o conftest -g -O2 -std=c99 -Wall -Werror -pthread   conftest.c -lpthread  >&5
configure:4990: $? = 0
configure:4999: result: yes
configure:5116: checking for joinable pthread attribute
configure:5134: gcc -o conftest -g -O2 -std=c99 -Wall -Werror -pthread   conftest.c -lpthread  >&5
configure:5134: $? = 0
configure:5142: result: PTHREAD_CREATE_JOINABLE
configure:5156: checking whether more special flags are required for pthreads
configure:5169: result: no
configure:5177: checking for PTHREAD_PRIO_INHERIT
configure:5194: gcc -o conftest -g -O2 -std=c99 -Wall -Werror -pthread   conftest.c -lpthread  >&5
configure:5194: $? = 0
configure:5203: result: yes
configure:5365: checking for shm_open in -lrt
configure:5390: gcc -o conftest -g -O2 -std=c99 -Wall -Werror   conftest.c -lrt   >&5
configure:5390: $? = 0
configure:5399: result: yes
configure:5411: checking if in chroot
configure:5419: result: no
configure:5421: checking if user+mount namespaces work
configure:5441: gcc -o conftest -g -O2 -std=c99 -Wall -Werror   conftest.c  >&5
configure:5441: $? = 0
configure:5441: ./conftest
configure:5441: $? = 0
configure:5450: result: yes
configure:5457: checking whether FNM_EXTMATCH is declared
configure:5457: gcc -c -g -O2 -std=c99 -Wall -Werror  conftest.c >&5
configure:5457: $? = 0
configure:5457: result: yes
configure:5468: checking for seccomp filter support
configure:5496: gcc -o conftest -g -O2 -std=c99 -Wall -Werror   conftest.c  >&5
configure:5496: $? = 0
configure:5496: ./conftest
configure:5496: $? = 0
configure:5497: result: yes
configure:5533: checking for mksquashfs
configure:5549: found /usr/bin/mksquashfs
configure:5560: result: mksquashfs
configure:5589: checking if mksquashfs version >= 4.2
configure:5627: result: ok (4.4)
configure:5655: checking for squashfuse
configure:5685: result: no
configure:5774: checking for fuse_set_signal_handlers in -lfuse3
configure:5799: gcc -o conftest -g -O2 -std=c99 -Wall -Werror   conftest.c -lfuse3   >&5
/usr/lib64/gcc/x86_64-suse-linux/7/../../../../x86_64-suse-linux/bin/ld: cannot find -lfuse3: No such file or directory
collect2: error: ld returned 1 exit status
configure:5799: $? = 1
configure: failed program was:
| /* confdefs.h */
| #define PACKAGE_NAME "Charliecloud"
| #define PACKAGE_TARNAME "charliecloud"
| #define PACKAGE_VERSION "0.33"
| #define PACKAGE_STRING "Charliecloud 0.33"
| #define PACKAGE_BUGREPORT "https://github.com/hpc/charliecloud"
| #define PACKAGE_URL ""
| #define PACKAGE "charliecloud"
| #define VERSION "0.33"
| #define HAVE_PTHREAD_PRIO_INHERIT 1
| #define HAVE_PTHREAD 1
| /* end confdefs.h.  */
| 
| /* Override any GCC internal prototype to avoid an error.
|    Use char because int might match the return type of a GCC
|    builtin and then its argument prototype would still apply.  */
| #ifdef __cplusplus
| extern "C"
| #endif
| char fuse_set_signal_handlers ();
| int
| main ()
| {
| return fuse_set_signal_handlers ();
|   ;
|   return 0;
| }
configure:5808: result: no
configure:5818: checking for sqfs_ll_mount in -lsquashfuse_ll
configure:5843: gcc -o conftest -g -O2 -std=c99 -Wall -Werror   conftest.c -lsquashfuse_ll   >&5
/usr/lib64/gcc/x86_64-suse-linux/7/../../../../x86_64-suse-linux/bin/ld: cannot find -lsquashfuse_ll: No such file or directory
collect2: error: ld returned 1 exit status
configure:5843: $? = 1
configure: failed program was:
| /* confdefs.h */
| #define PACKAGE_NAME "Charliecloud"
| #define PACKAGE_TARNAME "charliecloud"
| #define PACKAGE_VERSION "0.33"
| #define PACKAGE_STRING "Charliecloud 0.33"
| #define PACKAGE_BUGREPORT "https://github.com/hpc/charliecloud"
| #define PACKAGE_URL ""
| #define PACKAGE "charliecloud"
| #define VERSION "0.33"
| #define HAVE_PTHREAD_PRIO_INHERIT 1
| #define HAVE_PTHREAD 1
| /* end confdefs.h.  */
| 
| /* Override any GCC internal prototype to avoid an error.
|    Use char because int might match the return type of a GCC
|    builtin and then its argument prototype would still apply.  */
| #ifdef __cplusplus
| extern "C"
| #endif
| char sqfs_ll_mount ();
| int
| main ()
| {
| return sqfs_ll_mount ();
|   ;
|   return 0;
| }
configure:5852: result: no
configure:5860: checking for squashfuse/ll.h
configure:5860: gcc -c -g -O2 -std=c99 -Wall -Werror  conftest.c >&5
conftest.c:17:10: fatal error: squashfuse/ll.h: No such file or directory
 #include <squashfuse/ll.h>
          ^~~~~~~~~~~~~~~~~
compilation terminated.
configure:5860: $? = 1
configure: failed program was:
| /* confdefs.h */
| #define PACKAGE_NAME "Charliecloud"
| #define PACKAGE_TARNAME "charliecloud"
| #define PACKAGE_VERSION "0.33"
| #define PACKAGE_STRING "Charliecloud 0.33"
| #define PACKAGE_BUGREPORT "https://github.com/hpc/charliecloud"
| #define PACKAGE_URL ""
| #define PACKAGE "charliecloud"
| #define VERSION "0.33"
| #define HAVE_PTHREAD_PRIO_INHERIT 1
| #define HAVE_PTHREAD 1
| /* end confdefs.h.  */
| #define SQFS_CONFIG_H
|    #define FUSE_USE_VERSION 32
| 
| 
| #include <squashfuse/ll.h>
configure:5860: result: no
configure:5905: checking if "/usr/bin/env python3" starts with slash
configure:5909: result: ok
configure:5926: checking for python3
configure:5942: found /home/craig/LANL/Post_July_2021/Sim/basefiles_paper/simulator/python_env/bin/python3
configure:5953: result: python3
configure:5986: checking if python3 version >= 3.6
configure:6024: result: ok (3.6.15)
configure:6052: checking for requests module
configure:6066: result: yes
configure:6089: checking if python3 version >= 2.6.0
configure:6127: result: ok (2.27.1)
configure:6156: checking for bundled Lark module
configure:6163: result: bundled
configure:6174: checking for git
configure:6190: found /usr/bin/git
configure:6201: result: git
configure:6230: checking if git version >= 2.28.1
configure:6268: result: ok (2.35.3)
configure:6296: checking for dot
configure:6312: found /usr/bin/dot
configure:6323: result: dot
configure:6352: checking if dot version >= 2.30.1
configure:6390: result: ok (2.48.0)
configure:6418: checking for git2dot.py
configure:6448: result: no
configure:6553: checking whether sphinx-build executable path has been provided
configure:6619: result: no
configure:6623: checking for sphinx-build
configure:6641: found /usr/bin/sphinx-build
configure:6653: result: /usr/bin/sphinx-build
configure:6680: checking if /usr/bin/sphinx-build is executable
configure:6683: result: ok
configure:6693: checking if /usr/bin/sphinx-build version >= 1.2.3
configure:6731: result: ok (4.2.0)
configure:6760: checking for sphinx-build Python
configure:6763: result: /usr/bin/python3
configure:6765: checking if "/usr/bin/python3" starts with slash
configure:6769: result: ok
configure:6798: checking if /usr/bin/python3 is executable
configure:6801: result: ok
configure:6811: checking if /usr/bin/python3 version >= 0.14
configure:6849: result: ok (0.14)
configure:6881: checking for sphinx_rtd_theme module
configure:6895: result: yes
configure:6905: checking if /usr/bin/python3 is executable
configure:6908: result: ok
configure:6918: checking if /usr/bin/python3 version >= 0.2.4
configure:6956: result: ok (0.5.1)
configure:7011: checking for buildah
configure:7041: result: no
configure:7133: checking for docker
configure:7149: found /usr/bin/docker
configure:7160: result: docker
configure:7189: checking if docker version >= 17.03
configure:7227: result: ok (20.10.17-ce)
configure:7254: checking for mktemp
configure:7270: found /usr/bin/mktemp
configure:7281: result: mktemp
configure:7294: checking for nvidia-container-cli
configure:7324: result: no
configure:7411: checking for nVidia libraries & executables
configure:7422: result: no
configure:7432: checking for bash
configure:7448: found /usr/bin/bash
configure:7459: result: bash
configure:7488: checking if bash version >= 4.1
configure:7526: result: ok (4.4.23(1)-release)
configure:7554: checking for bats
configure:7584: result: no
configure:7676: checking for shellcheck
configure:7706: result: no
configure:7810: checking for wget
configure:7826: found /usr/bin/wget
configure:7837: result: wget
configure:7866: checking if wget version >= 1.11
configure:7904: result: ok (1.20.3)
configure:8304: checking that generated files are newer than configure
configure:8310: result: done
configure:8357: creating ./config.status

## ---------------------- ##
## Running config.status. ##
## ---------------------- ##

This file was extended by Charliecloud config.status 0.33, which was
generated by GNU Autoconf 2.69.  Invocation command line was

  CONFIG_FILES    = 
  CONFIG_HEADERS  = 
  CONFIG_LINKS    = 
  CONFIG_COMMANDS = 
  $ ./config.status 

on localhost.localdomain

config.status:922: creating Makefile
config.status:922: creating bin/Makefile
config.status:922: creating doc/Makefile
config.status:922: creating examples/Makefile
config.status:922: creating lib/Makefile
config.status:922: creating misc/Makefile
config.status:922: creating packaging/Makefile
config.status:922: creating test/Makefile
config.status:922: creating bin/config.h
config.status:1151: executing depfiles commands
config.status:1228: cd bin       && sed -e '/# am--include-marker/d' Makefile         | make -f - am--depfiles
config.status:1233: $? = 0
configure:9840:

Dependencies report
===================

Below is a summary of configure's findings.

Caveats
~~~~~~~

Charliecloud's run-time dependencies are lazy; features just try to use their
dependencies and error if there's a problem. This report summarizes what
configure found on *this system*, because that's often useful, but none of the
run-time findings change what is built and installed.

Listed versions are minimums. These are a bit fuzzy. Try it even if configure
thinks a version is too old, and please report back to us.

Building Charliecloud
~~~~~~~~~~~~~~~~~~~~~

  will build and install:
    ch-image(1) ... yes
    HTML documentation ... yes
    man pages ... yes
    syslog ... yes
    test suite ... yes

  required:
    C99 compiler ... gcc 

  optional:
    extended glob patterns in --unset-env ... yes

  ch-run(1) internal SquashFS mounting: no
    enabled ... yes
    libfuse3 ... no
    libsquashfuse_ll ... no
    ll.h header ... no

  fake system calls with seccomp(2): yes
    enabled ... if tested working
    tested working ... yes

  documentation: yes
    sphinx-build(1) ≥ 1.2.3 ... ok (4.2.0)
    sphinx-build(1) Python ... /usr/bin/python3
    "docutils" module ≥ 0.14 ... ok (0.14)
    "sphinx-rtd-theme" module ≥ 0.2.4 ... ok (0.5.1)

Building images
~~~~~~~~~~~~~~~

  with Buildah (warning: not tested; see issue #990): no
    Buildah ≥ 1.11.2 ... not found

  with ch-image(1): yes
    enabled ... yes
    Python shebang line ... /usr/bin/env python3
    Python in shebang ≥ 3.6 ... ok (3.6.15)
    "lark" module ... bundled
    "requests" module ≥ 2.6.0 ... ok (2.27.1)
    ch-run(1) ... yes

  with ch-image(1) using build cache: yes
    ch-image(1): ... yes
    Git ≥ 2.28.1 ... ok (2.35.3)

  with Docker: yes
    Docker ≥ 17.03 ... ok (20.10.17-ce)
    mktemp(1) ... mktemp

Managing container images
~~~~~~~~~~~~~~~~~~~~~~~~~

  build from Dockerfile: yes
    at least one builder ... yes
    access to an image repository ... assumed yes

  pack images from builder storage to tarball: yes
    at least one builder ... yes

  pack images from builder storage to SquashFS: yes
    at least one builder ... yes
    mksquashfs(1) ≥ 4.2 ... ok (4.4)

  Note: Pulling/pushing images from/to a repository is currently done using
  the builder directly.

Running containers
~~~~~~~~~~~~~~~~~~

  ch-run(1): yes
    user+mount namespaces ... yes

  run SquashFS images: no
    manual mount with SquashFUSE ≥ 0.1.100 ... not found
    internal mount with libsquashfuse ... no

  inject nVidia GPU libraries: no
    nvidia-container-cli(1) ≥ 1.0.0 ... not found
    nVidia libraries & executables present ... no

Test suite
~~~~~~~~~~

  basic tests, all stages: no
    test suite enabled ... yes
    ch-run(1) ... yes
    any builder above ... yes
    access to Docker Hub or mirror ... assumed yes
    Bats ≥ 1.2.0 ... not found
    Bash ≥ 4.1 ... ok (4.4.23(1)-release)
    wget(1) ≥ 1.11 ... ok (1.20.3)

  more complete tests: no
    basic tests ... no
    documentation built ... yes
    ShellCheck ≥ 0.9.0 ... not found
    generic sudo ... assumed yes

  debugging tests: no
    more tests ... no
    DOT ≥ 2.30.1 ... ok (2.48.0)
    git2dot ≥ 0.8.3 ... not found

  recommended tests, tar-unpack mode: no
    basic tests ... no
    more tests ... no

  recommended tests, squash-unpack mode: no
    basic tests ... no
    more tests ... no
    pack/unpack SquashFS images ... yes

  recommended tests, squash-mount mode: no
    recommended, squash-unpack mode: no
    internal SquashFS mounting ... no


## ---------------- ##
## Cache variables. ##
## ---------------- ##

ac_cv_build=x86_64-pc-linux-gnu
ac_cv_c_compiler_gnu=yes
ac_cv_env_CC_set=
ac_cv_env_CC_value=
ac_cv_env_CFLAGS_set=
ac_cv_env_CFLAGS_value=
ac_cv_env_CPPFLAGS_set=
ac_cv_env_CPPFLAGS_value=
ac_cv_env_CPP_set=
ac_cv_env_CPP_value=
ac_cv_env_LDFLAGS_set=
ac_cv_env_LDFLAGS_value=
ac_cv_env_LIBS_set=
ac_cv_env_LIBS_value=
ac_cv_env_SPHINX_set=
ac_cv_env_SPHINX_value=
ac_cv_env_build_alias_set=
ac_cv_env_build_alias_value=
ac_cv_env_host_alias_set=
ac_cv_env_host_alias_value=
ac_cv_env_target_alias_set=
ac_cv_env_target_alias_value=
ac_cv_have_decl_FNM_EXTMATCH=yes
ac_cv_header_squashfuse_ll_h=no
ac_cv_host=x86_64-pc-linux-gnu
ac_cv_lib_fuse3_fuse_set_signal_handlers=no
ac_cv_lib_rt_shm_open=yes
ac_cv_lib_squashfuse_ll_sqfs_ll_mount=no
ac_cv_objext=o
ac_cv_path_EGREP='/usr/bin/grep -E'
ac_cv_path_GREP=/usr/bin/grep
ac_cv_path_SED=/usr/bin/sed
ac_cv_path_SPHINX=/usr/bin/sphinx-build
ac_cv_path_install='/usr/bin/install -c'
ac_cv_prog_AWK=gawk
ac_cv_prog_CPP='gcc -E'
ac_cv_prog_DOCKER=docker
ac_cv_prog_DOT=dot
ac_cv_prog_GIT=git
ac_cv_prog_MKSQUASHFS=mksquashfs
ac_cv_prog_MKTEMP=mktemp
ac_cv_prog_PYTHON=python3
ac_cv_prog_WGET=wget
ac_cv_prog__BASH=bash
ac_cv_prog_ac_ct_CC=gcc
ac_cv_prog_cc_c89=
ac_cv_prog_cc_g=yes
ac_cv_prog_make_make_set=yes
ac_cv_target=x86_64-pc-linux-gnu
am_cv_CC_dependencies_compiler_type=gcc3
am_cv_make_support_nested_variables=yes
am_cv_prog_cc_c_o=yes
ax_cv_PTHREAD_CLANG=no
ax_cv_PTHREAD_JOINABLE_ATTR=PTHREAD_CREATE_JOINABLE
ax_cv_PTHREAD_PRIO_INHERIT=yes
ax_cv_PTHREAD_SPECIAL_FLAGS=no
ax_cv_check_cflags___std_c99__Wall__Werror=yes

## ----------------- ##
## Output variables. ##
## ----------------- ##

ACLOCAL='${SHELL} '\''/home/craig/LANL/Post_July_2021/Sim/basefiles_paper/simulator/basefiles/charliecloud/charliecloud/build-aux/missing'\'' aclocal-1.16'
AMDEPBACKSLASH='\'
AMDEP_FALSE='#'
AMDEP_TRUE=''
AMTAR='$${TAR-tar}'
AM_BACKSLASH='\'
AM_DEFAULT_V='$(AM_DEFAULT_VERBOSITY)'
AM_DEFAULT_VERBOSITY='1'
AM_V='$(V)'
AUTOCONF='${SHELL} '\''/home/craig/LANL/Post_July_2021/Sim/basefiles_paper/simulator/basefiles/charliecloud/charliecloud/build-aux/missing'\'' autoconf'
AUTOHEADER='${SHELL} '\''/home/craig/LANL/Post_July_2021/Sim/basefiles_paper/simulator/basefiles/charliecloud/charliecloud/build-aux/missing'\'' autoheader'
AUTOMAKE='${SHELL} '\''/home/craig/LANL/Post_July_2021/Sim/basefiles_paper/simulator/basefiles/charliecloud/charliecloud/build-aux/missing'\'' automake-1.16'
AWK='gawk'
BATS=''
BATS_VERSION_NOTE='not found'
BUILDAH=''
BUILDAH_VERSION_NOTE='not found'
CC='gcc'
CCDEPMODE='depmode=gcc3'
CFLAGS='-g -O2 -std=c99 -Wall -Werror'
CH_RUN_LIBS='-lrt '
CPP='gcc -E'
CPPFLAGS=''
CYGPATH_W='echo'
DEFS='-DHAVE_CONFIG_H'
DEPDIR='.deps'
DOCKER='docker'
DOCKER_VERSION_NOTE='ok (20.10.17-ce)'
DOCUTILS_VERSION_NOTE='ok (0.14)'
DOT='dot'
DOT_VERSION_NOTE='ok (2.48.0)'
ECHO_C=''
ECHO_N='-n'
ECHO_T=''
EGREP='/usr/bin/grep -E'
ENABLE_CH_IMAGE_FALSE='#'
ENABLE_CH_IMAGE_TRUE=''
ENABLE_HTML_FALSE='#'
ENABLE_HTML_TRUE=''
ENABLE_LARK_FALSE='#'
ENABLE_LARK_TRUE=''
ENABLE_MAN_FALSE='#'
ENABLE_MAN_TRUE=''
ENABLE_TEST_FALSE='#'
ENABLE_TEST_TRUE=''
EXEEXT=''
GIT2DOT=''
GIT2DOT_VERSION_NOTE='not found'
GIT='git'
GIT_VERSION_NOTE='ok (2.35.3)'
GREP='/usr/bin/grep'
HAVE_LIBSQUASHFUSE_FALSE=''
HAVE_LIBSQUASHFUSE_TRUE='#'
INSTALL_DATA='${INSTALL} -m 644'
INSTALL_PROGRAM='${INSTALL}'
INSTALL_SCRIPT='${INSTALL}'
INSTALL_STRIP_PROGRAM='$(install_sh) -c -s'
LDFLAGS=''
LIBOBJS=''
LIBS=''
LTLIBOBJS=''
MAINT='#'
MAINTAINER_MODE_FALSE=''
MAINTAINER_MODE_TRUE='#'
MAKEINFO='${SHELL} '\''/home/craig/LANL/Post_July_2021/Sim/basefiles_paper/simulator/basefiles/charliecloud/charliecloud/build-aux/missing'\'' makeinfo'
MKDIR_P='install -d -m 0755'
MKSQUASHFS='mksquashfs'
MKSQUASHFS_VERSION_NOTE='ok (4.4)'
MKTEMP='mktemp'
NVIDIA_CLI=''
NVIDIA_CLI_VERSION_NOTE='not found'
OBJEXT='o'
PACKAGE='charliecloud'
PACKAGE_BUGREPORT='https://github.com/hpc/charliecloud'
PACKAGE_NAME='Charliecloud'
PACKAGE_STRING='Charliecloud 0.33'
PACKAGE_TARNAME='charliecloud'
PACKAGE_URL=''
PACKAGE_VERSION='0.33'
PATH_SEPARATOR=':'
PTHREAD_CC='gcc'
PTHREAD_CFLAGS='-pthread'
PTHREAD_CXX=''
PTHREAD_LIBS='-lpthread'
PYTHON='python3'
PYTHON_SHEBANG='/usr/bin/env python3'
PYTHON_VERSION_NOTE='ok (3.6.15)'
REQUESTS_VERSION_NOTE='ok (2.27.1)'
RTD_VERSION_NOTE='ok (0.5.1)'
SED='/usr/bin/sed'
SET_MAKE=''
SHELL='/bin/sh'
SHELLCHECK=''
SHELLCHECK_VERSION_NOTE='not found'
SPHINX='/usr/bin/sphinx-build'
SPHINX_VERSION_NOTE='ok (4.2.0)'
SQUASHFUSE=''
SQUASHFUSE_VERSION_NOTE='not found'
STRIP=''
VERSION='0.33'
WGET='wget'
WGET_VERSION_NOTE='ok (1.20.3)'
_BASH='bash'
_BASH_VERSION_NOTE='ok (4.4.23(1)-release)'
ac_ct_CC='gcc'
am__EXEEXT_FALSE=''
am__EXEEXT_TRUE='#'
am__fastdepCC_FALSE='#'
am__fastdepCC_TRUE=''
am__include='include'
am__isrc=''
am__leading_dot='.'
am__nodep='_no'
am__quote=''
am__tar='$${TAR-tar} chof - "$$tardir"'
am__untar='$${TAR-tar} xf -'
ax_pthread_config=''
bindir='${exec_prefix}/bin'
build='x86_64-pc-linux-gnu'
build_alias=''
build_cpu='x86_64'
build_os='linux-gnu'
build_vendor='pc'
datadir='${datarootdir}'
datarootdir='${prefix}/share'
docdir='${datarootdir}/doc/${PACKAGE_TARNAME}'
dvidir='${docdir}'
exec_prefix='${prefix}'
host='x86_64-pc-linux-gnu'
host_alias=''
host_cpu='x86_64'
host_os='linux-gnu'
host_vendor='pc'
htmldir='${docdir}'
includedir='${prefix}/include'
infodir='${datarootdir}/info'
install_sh='${SHELL} /home/craig/LANL/Post_July_2021/Sim/basefiles_paper/simulator/basefiles/charliecloud/charliecloud/build-aux/install-sh'
libdir='${exec_prefix}/lib64'
libexecdir='${exec_prefix}/lib'
localedir='${datarootdir}/locale'
localstatedir='${prefix}/var'
mandir='${datarootdir}/man'
mkdir_p='$(MKDIR_P)'
oldincludedir='/usr/include'
pdfdir='${docdir}'
prefix='/usr/local'
program_transform_name='s,x,x,'
psdir='${docdir}'
runstatedir='${localstatedir}/run'
sbindir='${exec_prefix}/sbin'
sharedstatedir='${prefix}/com'
sysconfdir='${prefix}/etc'
target='x86_64-pc-linux-gnu'
target_alias=''
target_cpu='x86_64'
target_os='linux-gnu'
target_vendor='pc'

## ----------- ##
## confdefs.h. ##
## ----------- ##

/* confdefs.h */
#define PACKAGE_NAME "Charliecloud"
#define PACKAGE_TARNAME "charliecloud"
#define PACKAGE_VERSION "0.33"
#define PACKAGE_STRING "Charliecloud 0.33"
#define PACKAGE_BUGREPORT "https://github.com/hpc/charliecloud"
#define PACKAGE_URL ""
#define PACKAGE "charliecloud"
#define VERSION "0.33"
#define HAVE_PTHREAD_PRIO_INHERIT 1
#define HAVE_PTHREAD 1
#define ENABLE_SYSLOG 1
#define HAVE_FNM_EXTMATCH 1
#define HAVE_SECCOMP 1

configure: exit 0
